#
# There is insufficient memory for the Java Runtime Environment to continue.
# Native memory allocation (malloc) failed to allocate 218608 bytes. Error detail: Chunk::new
# Possible reasons:
#   The system is out of physical RAM or swap space
#   This process is running with CompressedOops enabled, and the Java Heap may be blocking the growth of the native heap
# Possible solutions:
#   Reduce memory load on the system
#   Increase physical memory or swap space
#   Check if swap backing store is full
#   Decrease Java heap size (-Xmx/-Xms)
#   Decrease number of Java threads
#   Decrease Java thread stack sizes (-Xss)
#   Set larger code cache with -XX:ReservedCodeCacheSize=
#   JVM is running with Unscaled Compressed Oops mode in which the Java heap is
#     placed in the first 4GB address space. The Java Heap base address is the
#     maximum limit for the native heap growth. Please use -XX:HeapBaseMinAddress
#     to set the Java Heap base and to place the Java Heap above 4GB virtual address.
# This output file may be truncated or incomplete.
#
#  Out of Memory Error (arena.cpp:168), pid=15204, tid=4960
#
# JRE version: OpenJDK Runtime Environment Temurin-21.0.7+6 (21.0.7+6) (build 21.0.7+6-LTS)
# Java VM: OpenJDK 64-Bit Server VM Temurin-21.0.7+6 (21.0.7+6-LTS, mixed mode, sharing, tiered, compressed oops, compressed class ptrs, parallel gc, windows-amd64)
# No core dump will be written. Minidumps are not enabled by default on client versions of Windows
#

---------------  S U M M A R Y ------------

Command Line: --add-modules=ALL-SYSTEM --add-opens=java.base/java.util=ALL-UNNAMED --add-opens=java.base/java.lang=ALL-UNNAMED --add-opens=java.base/sun.nio.fs=ALL-UNNAMED -Declipse.application=org.eclipse.jdt.ls.core.id1 -Dosgi.bundles.defaultStartLevel=4 -Declipse.product=org.eclipse.jdt.ls.core.product -Djava.import.generatesMetadataFilesAtProjectRoot=false -DDetectVMInstallationsJob.disabled=true -Dfile.encoding=utf8 -XX:+UseParallelGC -XX:GCTimeRatio=4 -XX:AdaptiveSizePolicyWeight=90 -Dsun.zip.disableMemoryMapping=true -Xmx1G -Xms100m -Xlog:disable -javaagent:c:\Users\Lenovo\.vscode\extensions\redhat.java-1.42.0-win32-x64\lombok\lombok-1.18.36.jar -XX:+HeapDumpOnOutOfMemoryError -XX:HeapDumpPath=c:\Users\Lenovo\AppData\Roaming\Code\User\workspaceStorage\d3e2f15d01e0980ba16291d5df8dbc1a\redhat.java -Daether.dependencyCollector.impl=bf c:\Users\Lenovo\.vscode\extensions\redhat.java-1.42.0-win32-x64\server\plugins\org.eclipse.equinox.launcher_1.7.0.v20250424-1814.jar -configuration c:\Users\Lenovo\AppData\Roaming\Code\User\globalStorage\redhat.java\1.42.0\config_win -data c:\Users\Lenovo\AppData\Roaming\Code\User\workspaceStorage\d3e2f15d01e0980ba16291d5df8dbc1a\redhat.java\jdt_ws --pipe=\\.\pipe\lsp-4d21600808e45ba19f7cda8f49050924-sock

Host: AMD Ryzen 3 5300U with Radeon Graphics         , 8 cores, 3G,  Windows 11 , 64 bit Build 26100 (10.0.26100.3912)
Time: Wed May 28 11:06:33 2025 India Standard Time elapsed time: 4.782613 seconds (0d 0h 0m 4s)

---------------  T H R E A D  ---------------

Current thread (0x000001d630936850):  JavaThread "C2 CompilerThread0" daemon [_thread_in_native, id=4960, stack(0x000000630dc00000,0x000000630dd00000) (1024K)]


Current CompileTask:
C2:4782 1717   !   4       java.lang.String::<init> (890 bytes)

Stack: [0x000000630dc00000,0x000000630dd00000]
Native frames: (J=compiled Java code, j=interpreted, Vv=VM code, C=native code)
V  [jvm.dll+0x6ce119]
V  [jvm.dll+0x8a84a1]
V  [jvm.dll+0x8aa9ce]
V  [jvm.dll+0x8ab0b3]
V  [jvm.dll+0x27f8a6]
V  [jvm.dll+0xc507d]
V  [jvm.dll+0xc55b3]
V  [jvm.dll+0x3b692c]
V  [jvm.dll+0x382aa5]
V  [jvm.dll+0x381f0a]
V  [jvm.dll+0x247af0]
V  [jvm.dll+0x2470cf]
V  [jvm.dll+0x1c760e]
V  [jvm.dll+0x25695a]
V  [jvm.dll+0x254efa]
V  [jvm.dll+0x3f03f6]
V  [jvm.dll+0x851f6b]
V  [jvm.dll+0x6cc7dd]
C  [ucrtbase.dll+0x37b0]
C  [KERNEL32.DLL+0x2e8d7]
C  [ntdll.dll+0x9c5dc]


---------------  P R O C E S S  ---------------

Threads class SMR info:
_java_thread_list=0x000001d673aebb20, length=12, elements={
0x000001d61c56b6d0, 0x000001d61c62abd0, 0x000001d61c62ddf0, 0x000001d630927900,
0x000001d630928350, 0x000001d63092a500, 0x000001d63092cf60, 0x000001d630936850,
0x000001d63094f5f0, 0x000001d61c5d9f20, 0x000001d67364ef60, 0x000001d673cb3630
}

Java Threads: ( => current thread )
  0x000001d61c56b6d0 JavaThread "main"                              [_thread_in_native, id=1596, stack(0x000000630d200000,0x000000630d300000) (1024K)]
  0x000001d61c62abd0 JavaThread "Reference Handler"          daemon [_thread_blocked, id=6344, stack(0x000000630d600000,0x000000630d700000) (1024K)]
  0x000001d61c62ddf0 JavaThread "Finalizer"                  daemon [_thread_blocked, id=21692, stack(0x000000630d700000,0x000000630d800000) (1024K)]
  0x000001d630927900 JavaThread "Signal Dispatcher"          daemon [_thread_blocked, id=21308, stack(0x000000630d800000,0x000000630d900000) (1024K)]
  0x000001d630928350 JavaThread "Attach Listener"            daemon [_thread_blocked, id=9456, stack(0x000000630d900000,0x000000630da00000) (1024K)]
  0x000001d63092a500 JavaThread "Service Thread"             daemon [_thread_blocked, id=16212, stack(0x000000630da00000,0x000000630db00000) (1024K)]
  0x000001d63092cf60 JavaThread "Monitor Deflation Thread"   daemon [_thread_blocked, id=20204, stack(0x000000630db00000,0x000000630dc00000) (1024K)]
=>0x000001d630936850 JavaThread "C2 CompilerThread0"         daemon [_thread_in_native, id=4960, stack(0x000000630dc00000,0x000000630dd00000) (1024K)]
  0x000001d63094f5f0 JavaThread "C1 CompilerThread0"         daemon [_thread_blocked, id=19948, stack(0x000000630dd00000,0x000000630de00000) (1024K)]
  0x000001d61c5d9f20 JavaThread "Common-Cleaner"             daemon [_thread_blocked, id=7724, stack(0x000000630de00000,0x000000630df00000) (1024K)]
  0x000001d67364ef60 JavaThread "Notification Thread"        daemon [_thread_blocked, id=21216, stack(0x000000630df00000,0x000000630e000000) (1024K)]
  0x000001d673cb3630 JavaThread "Active Thread: Equinox Container: bf49991f-8431-4a94-81c8-33e51448b9dc"        [_thread_blocked, id=19956, stack(0x000000630e600000,0x000000630e700000) (1024K)]
Total: 12

Other Threads:
  0x000001d61c60e870 VMThread "VM Thread"                           [id=19468, stack(0x000000630d500000,0x000000630d600000) (1024K)]
  0x000001d63083ca00 WatcherThread "VM Periodic Task Thread"        [id=12276, stack(0x000000630d400000,0x000000630d500000) (1024K)]
  0x000001d61c58ada0 WorkerThread "GC Thread#0"                     [id=13276, stack(0x000000630d300000,0x000000630d400000) (1024K)]
  0x000001d6738831d0 WorkerThread "GC Thread#1"                     [id=9152, stack(0x000000630e000000,0x000000630e100000) (1024K)]
  0x000001d6736b89c0 WorkerThread "GC Thread#2"                     [id=14180, stack(0x000000630e100000,0x000000630e200000) (1024K)]
  0x000001d673d369d0 WorkerThread "GC Thread#3"                     [id=8356, stack(0x000000630e200000,0x000000630e300000) (1024K)]
  0x000001d6736a11b0 WorkerThread "GC Thread#4"                     [id=11800, stack(0x000000630e300000,0x000000630e400000) (1024K)]
  0x000001d6736ca020 WorkerThread "GC Thread#5"                     [id=21464, stack(0x000000630e400000,0x000000630e500000) (1024K)]
  0x000001d6736ca3c0 WorkerThread "GC Thread#6"                     [id=21288, stack(0x000000630e500000,0x000000630e600000) (1024K)]
Total: 9

Threads with active compile tasks:
C2 CompilerThread0  4827 1717   !   4       java.lang.String::<init> (890 bytes)
Total: 1

VM state: not at safepoint (normal execution)

VM Mutex/Monitor currently owned by a thread: None

Heap address: 0x00000000c0000000, size: 1024 MB, Compressed Oops mode: 32-bit

CDS archive(s) mapped at: [0x000001d631000000-0x000001d631ba0000-0x000001d631ba0000), size 12189696, SharedBaseAddress: 0x000001d631000000, ArchiveRelocationMode: 1.
Compressed class space mapped at: 0x000001d632000000-0x000001d672000000, reserved size: 1073741824
Narrow klass base: 0x000001d631000000, Narrow klass shift: 0, Narrow klass range: 0x100000000

GC Precious Log:
 CardTable entry size: 512
 CPUs: 8 total, 8 available
 Memory: 3446M
 Large Page Support: Disabled
 NUMA Support: Disabled
 Compressed Oops: Enabled (32-bit)
 Alignments: Space 512K, Generation 512K, Heap 2M
 Heap Min Capacity: 100M
 Heap Initial Capacity: 100M
 Heap Max Capacity: 1G
 Pre-touch: Disabled
 Parallel Workers: 8

Heap:
 PSYoungGen      total 29696K, used 27546K [0x00000000eab00000, 0x00000000ecc00000, 0x0000000100000000)
  eden space 25600K, 94% used [0x00000000eab00000,0x00000000ec2bcfa8,0x00000000ec400000)
  from space 4096K, 79% used [0x00000000ec400000,0x00000000ec729870,0x00000000ec800000)
  to   space 4096K, 0% used [0x00000000ec800000,0x00000000ec800000,0x00000000ecc00000)
 ParOldGen       total 68608K, used 16K [0x00000000c0000000, 0x00000000c4300000, 0x00000000eab00000)
  object space 68608K, 0% used [0x00000000c0000000,0x00000000c0004000,0x00000000c4300000)
 Metaspace       used 7953K, committed 8256K, reserved 1114112K
  class space    used 797K, committed 960K, reserved 1048576K

Card table byte_map: [0x000001d61bf10000,0x000001d61c120000] _byte_map_base: 0x000001d61b910000

Marking Bits: (ParMarkBitMap*) 0x00007ffa220d31f0
 Begin Bits: [0x000001d62e760000, 0x000001d62f760000)
 End Bits:   [0x000001d62f760000, 0x000001d630760000)

Polling page: 0x000001d61a3c0000

Metaspace:

Usage:
  Non-class:      6.99 MB used.
      Class:    797.79 KB used.
       Both:      7.77 MB used.

Virtual space:
  Non-class space:       64.00 MB reserved,       7.12 MB ( 11%) committed,  1 nodes.
      Class space:        1.00 GB reserved,     960.00 KB ( <1%) committed,  1 nodes.
             Both:        1.06 GB reserved,       8.06 MB ( <1%) committed. 

Chunk freelists:
   Non-Class:  8.83 MB
       Class:  14.92 MB
        Both:  23.75 MB

MaxMetaspaceSize: unlimited
CompressedClassSpaceSize: 1.00 GB
Initial GC threshold: 21.00 MB
Current GC threshold: 21.00 MB
CDS: on
 - commit_granule_bytes: 65536.
 - commit_granule_words: 8192.
 - virtual_space_node_default_size: 8388608.
 - enlarge_chunks_in_place: 1.
 - use_allocation_guard: 0.


Internal statistics:

num_allocs_failed_limit: 0.
num_arena_births: 256.
num_arena_deaths: 0.
num_vsnodes_births: 2.
num_vsnodes_deaths: 0.
num_space_committed: 129.
num_space_uncommitted: 0.
num_chunks_returned_to_freelist: 0.
num_chunks_taken_from_freelist: 432.
num_chunk_merges: 0.
num_chunk_splits: 291.
num_chunks_enlarged: 197.
num_inconsistent_stats: 0.

CodeHeap 'non-profiled nmethods': size=120000Kb used=651Kb max_used=651Kb free=119348Kb
 bounds [0x000001d627230000, 0x000001d6274a0000, 0x000001d62e760000]
CodeHeap 'profiled nmethods': size=120000Kb used=3139Kb max_used=3139Kb free=116860Kb
 bounds [0x000001d61f760000, 0x000001d61fa80000, 0x000001d626c90000]
CodeHeap 'non-nmethods': size=5760Kb used=1217Kb max_used=1231Kb free=4542Kb
 bounds [0x000001d626c90000, 0x000001d626f00000, 0x000001d627230000]
 total_blobs=2232 nmethods=1749 adapters=390
 compilation: enabled
              stopped_count=0, restarted_count=0
 full_count=0

Compilation events (20 events):
Event: 3.680 Thread 0x000001d63094f5f0 1726       3       java.util.HashMap::entrySet (27 bytes)
Event: 3.680 Thread 0x000001d63094f5f0 nmethod 1726 0x000001d61fa5c710 code [0x000001d61fa5c8e0, 0x000001d61fa5cc58]
Event: 3.680 Thread 0x000001d63094f5f0 1727       3       java.util.HashMap$EntrySet::iterator (12 bytes)
Event: 3.681 Thread 0x000001d63094f5f0 nmethod 1727 0x000001d61fa5cd90 code [0x000001d61fa5cf40, 0x000001d61fa5d148]
Event: 3.681 Thread 0x000001d63094f5f0 1728       3       java.lang.invoke.LambdaForm$DMH/0x000001d632098400::newInvokeSpecial (27 bytes)
Event: 3.681 Thread 0x000001d63094f5f0 nmethod 1728 0x000001d61fa5d210 code [0x000001d61fa5d420, 0x000001d61fa5dc58]
Event: 3.682 Thread 0x000001d63094f5f0 1729       3       java.util.regex.Pattern$SliceI::match (96 bytes)
Event: 3.682 Thread 0x000001d63094f5f0 nmethod 1729 0x000001d61fa5df10 code [0x000001d61fa5e120, 0x000001d61fa5e748]
Event: 3.682 Thread 0x000001d63094f5f0 1730   !   3       java.security.MessageDigest$Delegate::of (84 bytes)
Event: 3.683 Thread 0x000001d63094f5f0 nmethod 1730 0x000001d61fa5e990 code [0x000001d61fa5ec00, 0x000001d61fa5f860]
Event: 3.683 Thread 0x000001d63094f5f0 1731       3       java.security.MessageDigest$Delegate$CloneableDelegate::<init> (8 bytes)
Event: 3.684 Thread 0x000001d63094f5f0 nmethod 1731 0x000001d61fa5fd10 code [0x000001d61fa5fec0, 0x000001d61fa60190]
Event: 3.684 Thread 0x000001d63094f5f0 1732       3       java.security.MessageDigest$Delegate::<init> (12 bytes)
Event: 3.684 Thread 0x000001d63094f5f0 nmethod 1732 0x000001d61fa60310 code [0x000001d61fa604c0, 0x000001d61fa60730]
Event: 3.684 Thread 0x000001d63094f5f0 1734   !   3       sun.security.provider.DigestBase::engineDigest (33 bytes)
Event: 3.685 Thread 0x000001d63094f5f0 nmethod 1734 0x000001d61fa60890 code [0x000001d61fa60a60, 0x000001d61fa60d10]
Event: 3.685 Thread 0x000001d63094f5f0 1733       3       java.security.MessageDigest::<init> (20 bytes)
Event: 3.685 Thread 0x000001d63094f5f0 nmethod 1733 0x000001d61fa60e10 code [0x000001d61fa60fc0, 0x000001d61fa611c0]
Event: 3.689 Thread 0x000001d63094f5f0 1736   !   3       sun.security.util.ManifestEntryVerifier::setEntry (298 bytes)
Event: 4.778 Thread 0x000001d63094f5f0 nmethod 1736 0x000001d61fa61290 code [0x000001d61fa61860, 0x000001d61fa64860]

GC Heap History (2 events):
Event: 2.294 GC heap before
{Heap before GC invocations=1 (full 0):
 PSYoungGen      total 29696K, used 25600K [0x00000000eab00000, 0x00000000ecc00000, 0x0000000100000000)
  eden space 25600K, 100% used [0x00000000eab00000,0x00000000ec400000,0x00000000ec400000)
  from space 4096K, 0% used [0x00000000ec800000,0x00000000ec800000,0x00000000ecc00000)
  to   space 4096K, 0% used [0x00000000ec400000,0x00000000ec400000,0x00000000ec800000)
 ParOldGen       total 68608K, used 0K [0x00000000c0000000, 0x00000000c4300000, 0x00000000eab00000)
  object space 68608K, 0% used [0x00000000c0000000,0x00000000c0000000,0x00000000c4300000)
 Metaspace       used 4351K, committed 4608K, reserved 1114112K
  class space    used 460K, committed 576K, reserved 1048576K
}
Event: 2.305 GC heap after
{Heap after GC invocations=1 (full 0):
 PSYoungGen      total 29696K, used 3238K [0x00000000eab00000, 0x00000000ecc00000, 0x0000000100000000)
  eden space 25600K, 0% used [0x00000000eab00000,0x00000000eab00000,0x00000000ec400000)
  from space 4096K, 79% used [0x00000000ec400000,0x00000000ec729870,0x00000000ec800000)
  to   space 4096K, 0% used [0x00000000ec800000,0x00000000ec800000,0x00000000ecc00000)
 ParOldGen       total 68608K, used 16K [0x00000000c0000000, 0x00000000c4300000, 0x00000000eab00000)
  object space 68608K, 0% used [0x00000000c0000000,0x00000000c0004000,0x00000000c4300000)
 Metaspace       used 4351K, committed 4608K, reserved 1114112K
  class space    used 460K, committed 576K, reserved 1048576K
}

Dll operation events (8 events):
Event: 0.025 Loaded shared library c:\Users\Lenovo\.vscode\extensions\redhat.java-1.42.0-win32-x64\jre\21.0.7-win32-x86_64\bin\java.dll
Event: 0.182 Loaded shared library c:\Users\Lenovo\.vscode\extensions\redhat.java-1.42.0-win32-x64\jre\21.0.7-win32-x86_64\bin\zip.dll
Event: 0.221 Loaded shared library C:\Users\Lenovo\.vscode\extensions\redhat.java-1.42.0-win32-x64\jre\21.0.7-win32-x86_64\bin\instrument.dll
Event: 0.230 Loaded shared library C:\Users\Lenovo\.vscode\extensions\redhat.java-1.42.0-win32-x64\jre\21.0.7-win32-x86_64\bin\net.dll
Event: 0.235 Loaded shared library C:\Users\Lenovo\.vscode\extensions\redhat.java-1.42.0-win32-x64\jre\21.0.7-win32-x86_64\bin\nio.dll
Event: 0.242 Loaded shared library C:\Users\Lenovo\.vscode\extensions\redhat.java-1.42.0-win32-x64\jre\21.0.7-win32-x86_64\bin\zip.dll
Event: 0.279 Loaded shared library C:\Users\Lenovo\.vscode\extensions\redhat.java-1.42.0-win32-x64\jre\21.0.7-win32-x86_64\bin\jimage.dll
Event: 0.619 Loaded shared library c:\Users\Lenovo\.vscode\extensions\redhat.java-1.42.0-win32-x64\jre\21.0.7-win32-x86_64\bin\verify.dll

Deoptimization events (20 events):
Event: 3.346 Thread 0x000001d61c56b6d0 Uncommon trap: trap_request=0xffffffc6 fr.pc=0x000001d627267dd0 relative=0x0000000000000290
Event: 3.346 Thread 0x000001d61c56b6d0 Uncommon trap: reason=bimorphic_or_optimized_type_check action=maybe_recompile pc=0x000001d627267dd0 method=java.util.Collections$UnmodifiableCollection$1.next()Ljava/lang/Object; @ 4 c2
Event: 3.346 Thread 0x000001d61c56b6d0 DEOPT PACKING pc=0x000001d627267dd0 sp=0x000000630d2f8980
Event: 3.346 Thread 0x000001d61c56b6d0 DEOPT UNPACKING pc=0x000001d626ce3aa2 sp=0x000000630d2f8930 mode 2
Event: 3.537 Thread 0x000001d61c56b6d0 Uncommon trap: trap_request=0xffffff45 fr.pc=0x000001d6272b1c4c relative=0x00000000000000ac
Event: 3.537 Thread 0x000001d61c56b6d0 Uncommon trap: reason=unstable_if action=reinterpret pc=0x000001d6272b1c4c method=java.util.concurrent.locks.ReentrantLock$NonfairSync.initialTryLock()Z @ 10 c2
Event: 3.537 Thread 0x000001d61c56b6d0 DEOPT PACKING pc=0x000001d6272b1c4c sp=0x000000630d2fedb0
Event: 3.537 Thread 0x000001d61c56b6d0 DEOPT UNPACKING pc=0x000001d626ce3aa2 sp=0x000000630d2fed40 mode 2
Event: 3.537 Thread 0x000001d61c56b6d0 Uncommon trap: trap_request=0xffffff45 fr.pc=0x000001d6272b18b4 relative=0x0000000000000094
Event: 3.537 Thread 0x000001d61c56b6d0 Uncommon trap: reason=unstable_if action=reinterpret pc=0x000001d6272b18b4 method=java.util.concurrent.locks.ReentrantLock$Sync.tryRelease(I)Z @ 26 c2
Event: 3.537 Thread 0x000001d61c56b6d0 DEOPT PACKING pc=0x000001d6272b18b4 sp=0x000000630d2fee80
Event: 3.537 Thread 0x000001d61c56b6d0 DEOPT UNPACKING pc=0x000001d626ce3aa2 sp=0x000000630d2fee00 mode 2
Event: 3.679 Thread 0x000001d61c56b6d0 DEOPT PACKING pc=0x000001d61f8e3c08 sp=0x000000630d2fca20
Event: 3.679 Thread 0x000001d61c56b6d0 DEOPT UNPACKING pc=0x000001d626ce4242 sp=0x000000630d2fbea0 mode 0
Event: 3.680 Thread 0x000001d61c56b6d0 DEOPT PACKING pc=0x000001d61f8e3c08 sp=0x000000630d2fcd20
Event: 3.680 Thread 0x000001d61c56b6d0 DEOPT UNPACKING pc=0x000001d626ce4242 sp=0x000000630d2fc1a0 mode 0
Event: 3.681 Thread 0x000001d61c56b6d0 DEOPT PACKING pc=0x000001d61f8e3c08 sp=0x000000630d2fcc70
Event: 3.681 Thread 0x000001d61c56b6d0 DEOPT UNPACKING pc=0x000001d626ce4242 sp=0x000000630d2fc0f0 mode 0
Event: 3.681 Thread 0x000001d61c56b6d0 DEOPT PACKING pc=0x000001d61f8e3c08 sp=0x000000630d2fcf80
Event: 3.681 Thread 0x000001d61c56b6d0 DEOPT UNPACKING pc=0x000001d626ce4242 sp=0x000000630d2fc400 mode 0

Classes loaded (20 events):
Event: 3.568 Loading class java/util/concurrent/Executors$RunnableAdapter
Event: 3.568 Loading class java/util/concurrent/Executors$RunnableAdapter done
Event: 3.568 Loading class java/util/concurrent/ThreadPoolExecutor$Worker
Event: 3.568 Loading class java/util/concurrent/ThreadPoolExecutor$Worker done
Event: 3.602 Loading class java/util/ArrayList$ListItr
Event: 3.602 Loading class java/util/ArrayList$ListItr done
Event: 3.631 Loading class java/util/ConcurrentModificationException
Event: 3.631 Loading class java/util/ConcurrentModificationException done
Event: 3.642 Loading class java/util/LinkedList
Event: 3.642 Loading class java/util/AbstractSequentialList
Event: 3.642 Loading class java/util/AbstractSequentialList done
Event: 3.642 Loading class java/util/LinkedList done
Event: 3.649 Loading class java/net/ContentHandlerFactory
Event: 3.649 Loading class java/net/ContentHandlerFactory done
Event: 3.653 Loading class java/net/ContentHandler
Event: 3.653 Loading class java/net/ContentHandler done
Event: 3.670 Loading class javax/xml/parsers/ParserConfigurationException
Event: 3.670 Loading class javax/xml/parsers/ParserConfigurationException done
Event: 3.674 Loading class java/security/KeyStoreException
Event: 3.674 Loading class java/security/KeyStoreException done

Classes unloaded (0 events):
No events

Classes redefined (0 events):
No events

Internal exceptions (20 events):
Event: 1.899 Thread 0x000001d61c56b6d0 Exception <a 'java/lang/NoSuchMethodError'{0x00000000ebfba958}: 'java.lang.ClassLoader java.lang.ClassLoader.getPlatformClassLoader(java.lang.Class)'> (0x00000000ebfba958) 
thrown [s\src\hotspot\share\interpreter\linkResolver.cpp, line 773]
Event: 2.240 Thread 0x000001d61c56b6d0 Exception <a 'java/lang/ClassNotFoundException'{0x00000000ec3be948}: sun/net/www/protocol/c/Handler> (0x00000000ec3be948) 
thrown [s\src\hotspot\share\classfile\systemDictionary.cpp, line 312]
Event: 2.242 Thread 0x000001d61c56b6d0 Exception <a 'java/lang/ClassNotFoundException'{0x00000000ec3bfd08}: sun/net/www/protocol/c/Handler> (0x00000000ec3bfd08) 
thrown [s\src\hotspot\share\classfile\systemDictionary.cpp, line 312]
Event: 2.244 Thread 0x000001d61c56b6d0 Exception <a 'java/lang/ClassNotFoundException'{0x00000000ec3c0f38}: sun/net/www/protocol/c/Handler> (0x00000000ec3c0f38) 
thrown [s\src\hotspot\share\classfile\systemDictionary.cpp, line 312]
Event: 2.285 Thread 0x000001d61c56b6d0 Exception <a 'java/io/FileNotFoundException'{0x00000000ec3ea8e0}> (0x00000000ec3ea8e0) 
thrown [s\src\hotspot\share\prims\jni.cpp, line 520]
Event: 2.471 Thread 0x000001d61c56b6d0 Implicit null exception at 0x000001d62728b89a to 0x000001d62728baa4
Event: 2.472 Thread 0x000001d61c56b6d0 Exception <a 'java/lang/NoSuchMethodError'{0x00000000eac95760}: 'void java.lang.invoke.DirectMethodHandle$Holder.invokeStatic(java.lang.Object, java.lang.Object, java.lang.Object, java.lang.Object)'> (0x00000000eac95760) 
thrown [s\src\hotspot\share\interpreter\linkResolver.cpp, line 773]
Event: 2.494 Thread 0x000001d61c56b6d0 Implicit null exception at 0x000001d62728da9a to 0x000001d62728dca4
Event: 2.495 Thread 0x000001d61c56b6d0 Implicit null exception at 0x000001d627273fbd to 0x000001d627274041
Event: 2.854 Thread 0x000001d61c56b6d0 Exception <a 'java/lang/NoSuchMethodError'{0x00000000eae50db0}: 'long java.lang.invoke.DirectMethodHandle$Holder.invokeStatic(java.lang.Object, java.lang.Object, int)'> (0x00000000eae50db0) 
thrown [s\src\hotspot\share\interpreter\linkResolver.cpp, line 773]
Event: 2.873 Thread 0x000001d61c56b6d0 Exception <a 'java/lang/NoSuchMethodError'{0x00000000eae587a0}: 'java.lang.Object java.lang.invoke.DirectMethodHandle$Holder.invokeSpecial(java.lang.Object, java.lang.Object, java.lang.Object, java.lang.Object, long)'> (0x00000000eae587a0) 
thrown [s\src\hotspot\share\interpreter\linkResolver.cpp, line 773]
Event: 2.880 Thread 0x000001d61c56b6d0 Exception <a 'java/lang/NoSuchMethodError'{0x00000000eae665c0}: 'java.lang.Object java.lang.invoke.DirectMethodHandle$Holder.invokeSpecial(java.lang.Object, java.lang.Object, java.lang.Object, int, java.lang.Object)'> (0x00000000eae665c0) 
thrown [s\src\hotspot\share\interpreter\linkResolver.cpp, line 773]
Event: 2.893 Thread 0x000001d61c56b6d0 Exception <a 'java/lang/NoSuchMethodError'{0x00000000eae8fbf8}: 'int java.lang.invoke.DirectMethodHandle$Holder.invokeStaticInit(java.lang.Object, java.lang.Object, java.lang.Object, java.lang.Object)'> (0x00000000eae8fbf8) 
thrown [s\src\hotspot\share\interpreter\linkResolver.cpp, line 773]
Event: 2.895 Thread 0x000001d61c56b6d0 Exception <a 'java/lang/IncompatibleClassChangeError'{0x00000000eae980f8}: Found class java.lang.Object, but interface was expected> (0x00000000eae980f8) 
thrown [s\src\hotspot\share\interpreter\linkResolver.cpp, line 840]
Event: 2.896 Thread 0x000001d61c56b6d0 Exception <a 'java/lang/NoSuchMethodError'{0x00000000eae9c298}: 'void java.lang.invoke.DirectMethodHandle$Holder.invokeStaticInit(java.lang.Object, java.lang.Object)'> (0x00000000eae9c298) 
thrown [s\src\hotspot\share\interpreter\linkResolver.cpp, line 773]
Event: 2.898 Thread 0x000001d61c56b6d0 Exception <a 'java/lang/NoSuchMethodError'{0x00000000eaea3390}: 'int java.lang.invoke.DirectMethodHandle$Holder.invokeStaticInit(java.lang.Object, java.lang.Object)'> (0x00000000eaea3390) 
thrown [s\src\hotspot\share\interpreter\linkResolver.cpp, line 773]
Event: 3.095 Thread 0x000001d61c56b6d0 Exception <a 'java/lang/NoSuchMethodError'{0x00000000eb002970}: 'void java.lang.invoke.DirectMethodHandle$Holder.invokeSpecial(java.lang.Object, java.lang.Object, java.lang.Object)'> (0x00000000eb002970) 
thrown [s\src\hotspot\share\interpreter\linkResolver.cpp, line 773]
Event: 3.495 Thread 0x000001d61c56b6d0 Exception <a 'java/lang/NoSuchMethodError'{0x00000000eb9ff648}: 'int java.lang.invoke.DirectMethodHandle$Holder.invokeVirtual(java.lang.Object, java.lang.Object)'> (0x00000000eb9ff648) 
thrown [s\src\hotspot\share\interpreter\linkResolver.cpp, line 773]
Event: 3.614 Thread 0x000001d61c56b6d0 Exception <a 'java/lang/NoSuchMethodError'{0x00000000ebda0d18}: 'java.lang.Object java.lang.invoke.DirectMethodHandle$Holder.newInvokeSpecial(java.lang.Object, int, java.lang.Object)'> (0x00000000ebda0d18) 
thrown [s\src\hotspot\share\interpreter\linkResolver.cpp, line 773]
Event: 3.644 Thread 0x000001d61c56b6d0 Exception <a 'java/lang/NoSuchMethodError'{0x00000000ebf3d9c0}: 'java.lang.Object java.lang.invoke.DirectMethodHandle$Holder.newInvokeSpecial(java.lang.Object, java.lang.Object, java.lang.Object, java.lang.Object, int, java.lang.Object)'> (0x00000000ebf3d9c0) 
thrown [s\src\hotspot\share\interpreter\linkResolver.cpp, line 773]

ZGC Phase Switch (0 events):
No events

VM Operations (20 events):
Event: 1.159 Executing VM operation: HandshakeAllThreads (Deoptimize) done
Event: 1.159 Executing VM operation: Cleanup
Event: 1.159 Executing VM operation: Cleanup done
Event: 1.211 Executing VM operation: HandshakeAllThreads (Deoptimize)
Event: 1.211 Executing VM operation: HandshakeAllThreads (Deoptimize) done
Event: 2.185 Executing VM operation: HandshakeAllThreads (Deoptimize)
Event: 2.185 Executing VM operation: HandshakeAllThreads (Deoptimize) done
Event: 2.185 Executing VM operation: Cleanup
Event: 2.185 Executing VM operation: Cleanup done
Event: 2.294 Executing VM operation: ParallelGCFailedAllocation (Allocation Failure)
Event: 2.305 Executing VM operation: ParallelGCFailedAllocation (Allocation Failure) done
Event: 3.321 Executing VM operation: Cleanup
Event: 3.321 Executing VM operation: Cleanup done
Event: 3.592 Executing VM operation: HandshakeAllThreads (Deoptimize)
Event: 3.592 Executing VM operation: HandshakeAllThreads (Deoptimize) done
Event: 3.603 Executing VM operation: HandshakeAllThreads (Deoptimize)
Event: 3.603 Executing VM operation: HandshakeAllThreads (Deoptimize) done
Event: 3.642 Executing VM operation: HandshakeAllThreads (Deoptimize)
Event: 3.643 Executing VM operation: HandshakeAllThreads (Deoptimize) done
Event: 4.653 Executing VM operation: Cleanup

Memory protections (0 events):
No events

Nmethod flushes (0 events):
No events

Events (12 events):
Event: 0.059 Thread 0x000001d61c56b6d0 Thread added: 0x000001d61c56b6d0
Event: 0.094 Thread 0x000001d61c56b6d0 Thread added: 0x000001d61c62abd0
Event: 0.094 Thread 0x000001d61c56b6d0 Thread added: 0x000001d61c62ddf0
Event: 0.095 Thread 0x000001d61c56b6d0 Thread added: 0x000001d630927900
Event: 0.096 Thread 0x000001d61c56b6d0 Thread added: 0x000001d630928350
Event: 0.096 Thread 0x000001d61c56b6d0 Thread added: 0x000001d63092a500
Event: 0.097 Thread 0x000001d61c56b6d0 Thread added: 0x000001d63092cf60
Event: 0.098 Thread 0x000001d61c56b6d0 Thread added: 0x000001d630936850
Event: 0.099 Thread 0x000001d61c56b6d0 Thread added: 0x000001d63094f5f0
Event: 0.154 Thread 0x000001d61c56b6d0 Thread added: 0x000001d61c5d9f20
Event: 0.891 Thread 0x000001d61c56b6d0 Thread added: 0x000001d67364ef60
Event: 3.570 Thread 0x000001d61c56b6d0 Thread added: 0x000001d673cb3630


Dynamic libraries:
0x00007ff794790000 - 0x00007ff79479e000 	c:\Users\Lenovo\.vscode\extensions\redhat.java-1.42.0-win32-x64\jre\21.0.7-win32-x86_64\bin\java.exe
0x00007ffab3100000 - 0x00007ffab3366000 	C:\WINDOWS\SYSTEM32\ntdll.dll
0x00007ffab21b0000 - 0x00007ffab2279000 	C:\WINDOWS\System32\KERNEL32.DLL
0x00007ffab0470000 - 0x00007ffab083c000 	C:\WINDOWS\System32\KERNELBASE.dll
0x00007ffab0320000 - 0x00007ffab046b000 	C:\WINDOWS\System32\ucrtbase.dll
0x00007ffaa8190000 - 0x00007ffaa81a8000 	c:\Users\Lenovo\.vscode\extensions\redhat.java-1.42.0-win32-x64\jre\21.0.7-win32-x86_64\bin\jli.dll
0x00007ffa9e2f0000 - 0x00007ffa9e30e000 	c:\Users\Lenovo\.vscode\extensions\redhat.java-1.42.0-win32-x64\jre\21.0.7-win32-x86_64\bin\VCRUNTIME140.dll
0x00007ffab2950000 - 0x00007ffab2b1a000 	C:\WINDOWS\System32\USER32.dll
0x00007ffab0b10000 - 0x00007ffab0b37000 	C:\WINDOWS\System32\win32u.dll
0x00007ffab13d0000 - 0x00007ffab13fb000 	C:\WINDOWS\System32\GDI32.dll
0x00007ffaa35d0000 - 0x00007ffaa386a000 	C:\WINDOWS\WinSxS\amd64_microsoft.windows.common-controls_6595b64144ccf1df_6.0.26100.3912_none_3e07963ce335137e\COMCTL32.dll
0x00007ffab0c00000 - 0x00007ffab0d32000 	C:\WINDOWS\System32\gdi32full.dll
0x00007ffab0840000 - 0x00007ffab08e3000 	C:\WINDOWS\System32\msvcp_win.dll
0x00007ffab25a0000 - 0x00007ffab2649000 	C:\WINDOWS\System32\msvcrt.dll
0x00007ffab2370000 - 0x00007ffab23a0000 	C:\WINDOWS\System32\IMM32.DLL
0x00007ffaa8120000 - 0x00007ffaa812c000 	c:\Users\Lenovo\.vscode\extensions\redhat.java-1.42.0-win32-x64\jre\21.0.7-win32-x86_64\bin\vcruntime140_1.dll
0x00007ffa98990000 - 0x00007ffa98a1d000 	c:\Users\Lenovo\.vscode\extensions\redhat.java-1.42.0-win32-x64\jre\21.0.7-win32-x86_64\bin\msvcp140.dll
0x00007ffa21420000 - 0x00007ffa221b0000 	c:\Users\Lenovo\.vscode\extensions\redhat.java-1.42.0-win32-x64\jre\21.0.7-win32-x86_64\bin\server\jvm.dll
0x00007ffab22b0000 - 0x00007ffab2362000 	C:\WINDOWS\System32\ADVAPI32.dll
0x00007ffab2100000 - 0x00007ffab21a6000 	C:\WINDOWS\System32\sechost.dll
0x00007ffab1640000 - 0x00007ffab1756000 	C:\WINDOWS\System32\RPCRT4.dll
0x00007ffab0ec0000 - 0x00007ffab0f34000 	C:\WINDOWS\System32\WS2_32.dll
0x00007ffab00e0000 - 0x00007ffab013e000 	C:\WINDOWS\SYSTEM32\POWRPROF.dll
0x00007ffaa38a0000 - 0x00007ffaa38d6000 	C:\WINDOWS\SYSTEM32\WINMM.dll
0x00007ffaa77b0000 - 0x00007ffaa77bb000 	C:\WINDOWS\SYSTEM32\VERSION.dll
0x00007ffab00c0000 - 0x00007ffab00d4000 	C:\WINDOWS\SYSTEM32\UMPDC.dll
0x00007ffaaf050000 - 0x00007ffaaf06a000 	C:\WINDOWS\SYSTEM32\kernel.appcore.dll
0x00007ffaa15e0000 - 0x00007ffaa15ea000 	c:\Users\Lenovo\.vscode\extensions\redhat.java-1.42.0-win32-x64\jre\21.0.7-win32-x86_64\bin\jimage.dll
0x00007ffaa8800000 - 0x00007ffaa8a41000 	C:\WINDOWS\SYSTEM32\DBGHELP.DLL
0x00007ffab2cb0000 - 0x00007ffab3034000 	C:\WINDOWS\System32\combase.dll
0x00007ffab1800000 - 0x00007ffab18e0000 	C:\WINDOWS\System32\OLEAUT32.dll
0x00007ffaa1e10000 - 0x00007ffaa1e49000 	C:\WINDOWS\SYSTEM32\dbgcore.DLL
0x00007ffab0a70000 - 0x00007ffab0b09000 	C:\WINDOWS\System32\bcryptPrimitives.dll
0x00007ffa9e2e0000 - 0x00007ffa9e2ef000 	c:\Users\Lenovo\.vscode\extensions\redhat.java-1.42.0-win32-x64\jre\21.0.7-win32-x86_64\bin\instrument.dll
0x00007ffa9e0f0000 - 0x00007ffa9e10f000 	c:\Users\Lenovo\.vscode\extensions\redhat.java-1.42.0-win32-x64\jre\21.0.7-win32-x86_64\bin\java.dll
0x00007ffab18f0000 - 0x00007ffab201d000 	C:\WINDOWS\System32\SHELL32.dll
0x00007ffab0d40000 - 0x00007ffab0eb4000 	C:\WINDOWS\System32\wintypes.dll
0x00007ffaadf40000 - 0x00007ffaae796000 	C:\WINDOWS\SYSTEM32\windows.storage.dll
0x00007ffab2850000 - 0x00007ffab293f000 	C:\WINDOWS\System32\SHCORE.dll
0x00007ffab2c30000 - 0x00007ffab2c99000 	C:\WINDOWS\System32\shlwapi.dll
0x00007ffab01a0000 - 0x00007ffab01cf000 	C:\WINDOWS\SYSTEM32\profapi.dll
0x00007ffa98930000 - 0x00007ffa98948000 	c:\Users\Lenovo\.vscode\extensions\redhat.java-1.42.0-win32-x64\jre\21.0.7-win32-x86_64\bin\zip.dll
0x00007ffa9e0e0000 - 0x00007ffa9e0f0000 	C:\Users\Lenovo\.vscode\extensions\redhat.java-1.42.0-win32-x64\jre\21.0.7-win32-x86_64\bin\net.dll
0x00007ffaa92f0000 - 0x00007ffaa940e000 	C:\WINDOWS\SYSTEM32\WINHTTP.dll
0x00007ffaaf5c0000 - 0x00007ffaaf62a000 	C:\WINDOWS\system32\mswsock.dll
0x00007ffa98910000 - 0x00007ffa98926000 	C:\Users\Lenovo\.vscode\extensions\redhat.java-1.42.0-win32-x64\jre\21.0.7-win32-x86_64\bin\nio.dll
0x00007ffa98850000 - 0x00007ffa98860000 	c:\Users\Lenovo\.vscode\extensions\redhat.java-1.42.0-win32-x64\jre\21.0.7-win32-x86_64\bin\verify.dll

dbghelp: loaded successfully - version: 4.0.5 - missing functions: none
symbol engine: initialized successfully - sym options: 0x614 - pdb path: .;c:\Users\Lenovo\.vscode\extensions\redhat.java-1.42.0-win32-x64\jre\21.0.7-win32-x86_64\bin;C:\WINDOWS\SYSTEM32;C:\WINDOWS\WinSxS\amd64_microsoft.windows.common-controls_6595b64144ccf1df_6.0.26100.3912_none_3e07963ce335137e;c:\Users\Lenovo\.vscode\extensions\redhat.java-1.42.0-win32-x64\jre\21.0.7-win32-x86_64\bin\server

VM Arguments:
jvm_args: --add-modules=ALL-SYSTEM --add-opens=java.base/java.util=ALL-UNNAMED --add-opens=java.base/java.lang=ALL-UNNAMED --add-opens=java.base/sun.nio.fs=ALL-UNNAMED -Declipse.application=org.eclipse.jdt.ls.core.id1 -Dosgi.bundles.defaultStartLevel=4 -Declipse.product=org.eclipse.jdt.ls.core.product -Djava.import.generatesMetadataFilesAtProjectRoot=false -DDetectVMInstallationsJob.disabled=true -Dfile.encoding=utf8 -XX:+UseParallelGC -XX:GCTimeRatio=4 -XX:AdaptiveSizePolicyWeight=90 -Dsun.zip.disableMemoryMapping=true -Xmx1G -Xms100m -Xlog:disable -javaagent:c:\Users\Lenovo\.vscode\extensions\redhat.java-1.42.0-win32-x64\lombok\lombok-1.18.36.jar -XX:+HeapDumpOnOutOfMemoryError -XX:HeapDumpPath=c:\Users\Lenovo\AppData\Roaming\Code\User\workspaceStorage\d3e2f15d01e0980ba16291d5df8dbc1a\redhat.java -Daether.dependencyCollector.impl=bf 
java_command: c:\Users\Lenovo\.vscode\extensions\redhat.java-1.42.0-win32-x64\server\plugins\org.eclipse.equinox.launcher_1.7.0.v20250424-1814.jar -configuration c:\Users\Lenovo\AppData\Roaming\Code\User\globalStorage\redhat.java\1.42.0\config_win -data c:\Users\Lenovo\AppData\Roaming\Code\User\workspaceStorage\d3e2f15d01e0980ba16291d5df8dbc1a\redhat.java\jdt_ws --pipe=\\.\pipe\lsp-4d21600808e45ba19f7cda8f49050924-sock
java_class_path (initial): c:\Users\Lenovo\.vscode\extensions\redhat.java-1.42.0-win32-x64\server\plugins\org.eclipse.equinox.launcher_1.7.0.v20250424-1814.jar
Launcher Type: SUN_STANDARD

[Global flags]
    uintx AdaptiveSizePolicyWeight                 = 90                                        {product} {command line}
     intx CICompilerCount                          = 4                                         {product} {ergonomic}
    uintx GCTimeRatio                              = 4                                         {product} {command line}
     bool HeapDumpOnOutOfMemoryError               = true                                   {manageable} {command line}
    ccstr HeapDumpPath                             = c:\Users\Lenovo\AppData\Roaming\Code\User\workspaceStorage\d3e2f15d01e0980ba16291d5df8dbc1a\redhat.java         {manageable} {command line}
   size_t InitialHeapSize                          = 104857600                                 {product} {command line}
   size_t MaxHeapSize                              = 1073741824                                {product} {command line}
   size_t MaxNewSize                               = 357564416                                 {product} {ergonomic}
   size_t MinHeapDeltaBytes                        = 524288                                    {product} {ergonomic}
   size_t MinHeapSize                              = 104857600                                 {product} {command line}
   size_t NewSize                                  = 34603008                                  {product} {ergonomic}
    uintx NonNMethodCodeHeapSize                   = 5839372                                {pd product} {ergonomic}
    uintx NonProfiledCodeHeapSize                  = 122909434                              {pd product} {ergonomic}
   size_t OldSize                                  = 70254592                                  {product} {ergonomic}
    uintx ProfiledCodeHeapSize                     = 122909434                              {pd product} {ergonomic}
    uintx ReservedCodeCacheSize                    = 251658240                              {pd product} {ergonomic}
     bool SegmentedCodeCache                       = true                                      {product} {ergonomic}
   size_t SoftMaxHeapSize                          = 1073741824                             {manageable} {ergonomic}
     bool UseCompressedOops                        = true                           {product lp64_product} {ergonomic}
     bool UseLargePagesIndividualAllocation        = false                                  {pd product} {ergonomic}
     bool UseParallelGC                            = true                                      {product} {command line}

Logging:
Log output configuration:
 #0: stdout all=off uptime,level,tags foldmultilines=false
 #1: stderr all=off uptime,level,tags foldmultilines=false

Environment Variables:
JAVA_HOME=C:\Program Files\Java\jdk-23
PATH=C:\Program Files\Common Files\Oracle\Java\javapath;C:\Program Files (x86)\Common Files\Oracle\Java\javapath;C:\Program Files\Python311\Scripts\;C:\Program Files\Python311\;C:\WINDOWS\system32;C:\WINDOWS;C:\WINDOWS\System32\Wbem;C:\WINDOWS\System32\WindowsPowerShell\v1.0\;C:\WINDOWS\System32\OpenSSH\;C:\Program Files\nodejs\;C:\Program Files\Java\jdk-17.0.2\bin;C:\Program Files\Git\cmd;C:\Program Files\Microsoft SQL Server\150\Tools\Binn\;C:\Program Files\Microsoft SQL Server\Client SDK\ODBC\170\Tools\Binn\;C:\Program Files\dotnet\;C:\Program Files\Java\jdk-23\bin;C:\Program Files\CMake\bin;C:\TDM-GCC-64\bin;C:\Users\Lenovo\Downloads\WhatsApp Installer;C:\Users\Lenovo\scoop\shims;C:\Users\Lenovo\AppData\Local\Programs\Python\Python38\Scripts\;C:\Users\Lenovo\AppData\Local\Programs\Python\Python38\;C:\Users\Lenovo\AppData\Local\Programs\Python\Python312\Scripts\;C:\Users\Lenovo\AppData\Local\Programs\Python\Python312\;C:\Program Files\MySQL\MySQL Shell 8.0\bin\;C:\Users\Lenovo\AppData\Local\Microsoft\WindowsApps;C:\Users\Lenovo\AppData\Local\Programs\Microsoft VS Code\bin;C:\Program Files\Java\jdk1.8.0_321\bin;C:\Users\Lenovo\AppData\Roaming\npm;C:\Users\Lenovo\AppData\Local\GitHubDesktop\bin;C:\ProgramData\Lenovo\GitHubDesktop\bin;C:\Users\Lenovo\.dotnet\tools;C:\Users\Lenovo\AppData\Roaming\Python\Python311\Scripts;
USERNAME=Lenovo
OS=Windows_NT
PROCESSOR_IDENTIFIER=AMD64 Family 23 Model 104 Stepping 1, AuthenticAMD
TMP=C:\Users\Lenovo\AppData\Local\Temp
TEMP=C:\Users\Lenovo\AppData\Local\Temp




Periodic native trim disabled

---------------  S Y S T E M  ---------------

OS:
 Windows 11 , 64 bit Build 26100 (10.0.26100.3912)
OS uptime: 5 days 22:15 hours

CPU: total 8 (initial active 8) (8 cores per cpu, 2 threads per core) family 23 model 104 stepping 1 microcode 0x8608103, cx8, cmov, fxsr, ht, mmx, 3dnowpref, sse, sse2, sse3, ssse3, sse4a, sse4.1, sse4.2, popcnt, lzcnt, tsc, tscinvbit, avx, avx2, aes, clmul, bmi1, bmi2, adx, sha, fma, vzeroupper, clflush, clflushopt, rdtscp, rdpid, f16c
Processor Information for the first 8 processors :
  Max Mhz: 2600, Current Mhz: 2600, Mhz Limit: 2600

Memory: 4k page, system-wide physical 3446M (244M free)
TotalPageFile size 14198M (AvailPageFile size 0M)
current process WorkingSet (physical memory assigned to process): 86M, peak: 86M
current process commit charge ("private bytes"): 204M, peak: 205M

vm_info: OpenJDK 64-Bit Server VM (21.0.7+6-LTS) for windows-amd64 JRE (21.0.7+6-LTS), built on 2025-04-15T00:00:00Z by "admin" with MS VC++ 17.7 (VS2022)

END.
